[INFO 2018-09-24 22:02:16,165 state_machine 21187 139979977713408] Start machine
2018-09-24 22:03:10,679 general      INFO     Start machine
[INFO 2018-09-24 22:17:33,578 state_machine 22082 140385316091648] Start machine
[INFO 2018-09-24 22:17:33,579 tank 22082 140385316091648] Tank Water tank is refill
[INFO 2018-09-24 22:17:33,580 tanks 22082 140385316091648] Initialization coffee beans tank
[INFO 2018-09-24 22:17:33,580 tank 22082 140385316091648] Tank Coffee beans tank is refill
[INFO 2018-09-24 22:17:33,580 tanks 22082 140385316091648] Initialization coffee beans tank
[INFO 2018-09-24 22:18:51,434 main 22082 140385316091648] Start {'beans_weight': 20, 'water_weight': 50} making
[INFO 2018-09-24 22:19:41,345 tank 22171 139793854002944] Water tank is refill
[INFO 2018-09-24 22:19:41,346 tanks 22171 139793854002944] Initialization coffee beans tank
[INFO 2018-09-24 22:19:41,346 tank 22171 139793854002944] Coffee beans tank is refill
[INFO 2018-09-24 22:19:41,347 tanks 22171 139793854002944] Initialization coffee beans tank
[INFO 2018-09-24 22:19:45,828 main 22171 139793854002944] Start DOPPIO making
[INFO 2018-09-24 22:27:37,827 tank 22536 140394532882176] Water tank is refill
[INFO 2018-09-24 22:27:37,827 tanks 22536 140394532882176] Initialization coffee beans tank
[INFO 2018-09-24 22:27:37,828 tank 22536 140394532882176] Coffee beans tank is refill
[INFO 2018-09-24 22:27:37,828 tanks 22536 140394532882176] Initialization coffee beans tank
[INFO 2018-09-24 22:29:05,474 tank 22590 140158818203392] Water tank is refill
[INFO 2018-09-24 22:29:05,475 tanks 22590 140158818203392] Initialization coffee beans tank
[INFO 2018-09-24 22:29:05,476 tank 22590 140158818203392] Coffee beans tank is refill
[INFO 2018-09-24 22:29:05,476 tanks 22590 140158818203392] Initialization coffee beans tank
[INFO 2018-09-24 22:29:10,528 coffee_machine 22590 140158818203392] Starting making DOPPIO coffee
[INFO 2018-09-24 22:29:16,234 coffee_machine 22590 140158818203392] Starting making ESPRESSO coffee
[INFO 2018-09-24 22:29:22,746 coffee_machine 22590 140158818203392] Starting making CAPPUCCINO coffee
[INFO 2018-09-24 22:30:44,756 tank 22657 140310087935744] Water tank is refill
[INFO 2018-09-24 22:30:44,756 tanks 22657 140310087935744] Initialization coffee beans tank
[INFO 2018-09-24 22:30:44,757 tank 22657 140310087935744] Coffee beans tank is refill
[INFO 2018-09-24 22:30:44,757 tanks 22657 140310087935744] Initialization coffee beans tank
[INFO 2018-09-24 22:30:50,052 coffee_machine 22657 140310087935744] Starting making DOPPIO
[INFO 2018-09-24 22:31:05,201 coffee_machine 22657 140310087935744] Starting making DOPPIO
[INFO 2018-09-24 22:33:20,835 tank 22724 140070150637312] Water tank is refill
[INFO 2018-09-24 22:33:20,837 tanks 22724 140070150637312] Initialization coffee beans tank
[INFO 2018-09-24 22:33:20,837 tank 22724 140070150637312] Coffee beans tank is refill
[INFO 2018-09-24 22:33:20,838 tanks 22724 140070150637312] Initialization coffee beans tank
[INFO 2018-09-24 22:33:24,242 coffee_machine 22724 140070150637312] Starting making DOPPIO
[INFO 2018-09-24 22:33:27,294 coffee_machine 22724 140070150637312] {'beans_weight': 20, 'water_weight': 50} is ready
[INFO 2018-09-24 22:37:06,405 tank 22823 140254445455104] Water tank is refill
[INFO 2018-09-24 22:37:06,406 tanks 22823 140254445455104] Initialization coffee beans tank
[INFO 2018-09-24 22:37:06,406 tank 22823 140254445455104] Coffee beans tank is refill
[INFO 2018-09-24 22:37:06,406 tanks 22823 140254445455104] Initialization coffee beans tank
[INFO 2018-09-24 22:37:13,679 coffee_machine 22823 140254445455104] Starting making DOPPIO
[INFO 2018-09-24 23:21:26,280 tank 24618 139693364946688] Water tank is refill
[INFO 2018-09-24 23:21:26,281 tanks 24618 139693364946688] Initialization coffee beans tank
[INFO 2018-09-24 23:21:26,281 tank 24618 139693364946688] Coffee beans tank is refill
[INFO 2018-09-24 23:21:26,281 tanks 24618 139693364946688] Initialization coffee beans tank
[INFO 2018-09-24 23:22:30,703 tank 24659 139723978917632] Water tank is refill
[INFO 2018-09-24 23:22:30,704 tanks 24659 139723978917632] Initialization coffee beans tank
[INFO 2018-09-24 23:22:30,704 tank 24659 139723978917632] Coffee beans tank is refill
[INFO 2018-09-24 23:22:30,705 tanks 24659 139723978917632] Initialization coffee beans tank
[INFO 2018-09-24 23:23:03,788 coffee_machine 24659 139723978917632] Starting making DOPPIO
[INFO 2018-09-24 23:23:09,980 coffee_machine 24659 139723978917632] None is ready
[INFO 2018-09-24 23:23:27,000 tank 24690 139711958873856] Water tank is refill
[INFO 2018-09-24 23:23:27,000 tanks 24690 139711958873856] Initialization coffee beans tank
[INFO 2018-09-24 23:23:27,001 tank 24690 139711958873856] Coffee beans tank is refill
[INFO 2018-09-24 23:23:27,001 tanks 24690 139711958873856] Initialization coffee beans tank
[INFO 2018-09-24 23:23:53,810 tank 24711 140620884449024] Water tank is refill
[INFO 2018-09-24 23:23:53,811 tanks 24711 140620884449024] Initialization coffee beans tank
[INFO 2018-09-24 23:23:53,811 tank 24711 140620884449024] Coffee beans tank is refill
[INFO 2018-09-24 23:23:53,811 tanks 24711 140620884449024] Initialization coffee beans tank
[INFO 2018-09-24 23:27:47,519 tank 24859 140298764191488] Water tank is refill
[INFO 2018-09-24 23:27:47,519 tanks 24859 140298764191488] Initialization coffee beans tank
[INFO 2018-09-24 23:27:47,520 tank 24859 140298764191488] Coffee beans tank is refill
[INFO 2018-09-24 23:27:47,520 tanks 24859 140298764191488] Initialization coffee beans tank
[INFO 2018-09-24 23:28:34,492 tank 24882 140205728990976] Water tank is refill
[INFO 2018-09-24 23:28:34,493 tanks 24882 140205728990976] Initialization coffee beans tank
[INFO 2018-09-24 23:28:34,494 tank 24882 140205728990976] Coffee beans tank is refill
[INFO 2018-09-24 23:28:34,494 tanks 24882 140205728990976] Initialization coffee beans tank
[INFO 2018-09-24 23:40:21,718 tank 25468 140259468392192] Water tank is refill
[INFO 2018-09-24 23:40:21,719 tanks 25468 140259468392192] Initialization coffee beans tank
[INFO 2018-09-24 23:40:21,719 tank 25468 140259468392192] Coffee beans tank is refill
[INFO 2018-09-24 23:40:21,720 tanks 25468 140259468392192] Initialization coffee beans tank
[INFO 2018-09-24 23:41:47,141 tank 25581 140037993531136] Water tank is refill
[INFO 2018-09-24 23:41:47,142 tanks 25581 140037993531136] Initialization coffee beans tank
[INFO 2018-09-24 23:41:47,142 tank 25581 140037993531136] Coffee beans tank is refill
[INFO 2018-09-24 23:41:47,142 tanks 25581 140037993531136] Initialization coffee beans tank
[INFO 2018-09-24 23:42:01,038 coffee_machine 25581 140037993531136] Starting making ESPRESSO
[INFO 2018-09-25 00:10:01,477 tank 27016 140711804679936] Water tank is refill
[INFO 2018-09-25 00:10:01,478 tanks 27016 140711804679936] Initialization coffee beans tank
[INFO 2018-09-25 00:10:01,478 tank 27016 140711804679936] Coffee beans tank is refill
[INFO 2018-09-25 00:10:01,478 tanks 27016 140711804679936] Initialization coffee beans tank
[INFO 2018-09-25 00:11:16,064 tank 27139 139725414700800] Water tank is refill
[INFO 2018-09-25 00:11:16,065 tanks 27139 139725414700800] Initialization coffee beans tank
[INFO 2018-09-25 00:11:16,065 tank 27139 139725414700800] Coffee beans tank is refill
[INFO 2018-09-25 00:11:16,065 tanks 27139 139725414700800] Initialization coffee beans tank
[INFO 2018-09-25 00:12:18,680 tank 27270 139665253119744] Water tank is refill
[INFO 2018-09-25 00:12:18,681 tanks 27270 139665253119744] Initialization coffee beans tank
[INFO 2018-09-25 00:12:18,682 tank 27270 139665253119744] Coffee beans tank is refill
[INFO 2018-09-25 00:12:18,682 tanks 27270 139665253119744] Initialization coffee beans tank
[INFO 2018-09-25 00:12:30,569 coffee_machine 27270 139665253119744] Starting making AMERICANO
[INFO 2018-09-25 00:13:55,211 tank 27322 140454232299264] Water tank is refill
[INFO 2018-09-25 00:13:55,211 tanks 27322 140454232299264] Initialization coffee beans tank
[INFO 2018-09-25 00:13:55,212 tank 27322 140454232299264] Coffee beans tank is refill
[INFO 2018-09-25 00:13:55,212 tanks 27322 140454232299264] Initialization coffee beans tank
[INFO 2018-09-25 00:13:57,018 coffee_machine 27322 140454232299264] Starting making DOPPIO
[INFO 2018-09-25 00:14:13,523 tank 27340 140112402462464] Water tank is refill
[INFO 2018-09-25 00:14:13,524 tanks 27340 140112402462464] Initialization coffee beans tank
[INFO 2018-09-25 00:14:13,525 tank 27340 140112402462464] Coffee beans tank is refill
[INFO 2018-09-25 00:14:13,526 tanks 27340 140112402462464] Initialization coffee beans tank
[INFO 2018-09-25 00:14:15,985 coffee_machine 27340 140112402462464] Starting making CAPPUCCINO
[INFO 2018-09-25 00:14:40,571 tank 27358 139798231492352] Water tank is refill
[INFO 2018-09-25 00:14:40,571 tanks 27358 139798231492352] Initialization coffee beans tank
[INFO 2018-09-25 00:14:40,572 tank 27358 139798231492352] Coffee beans tank is refill
[INFO 2018-09-25 00:14:40,572 tanks 27358 139798231492352] Initialization coffee beans tank
[INFO 2018-09-25 00:14:40,574 coffee_machine 27358 139798231492352] Starting making DOPPIO
[INFO 2018-09-25 00:23:47,110 tank 27684 139906368112384] Coffee beans tank is refill
[INFO 2018-09-25 00:23:47,111 tanks 27684 139906368112384] Initialization coffee beans tank
[INFO 2018-09-25 00:23:47,112 tank 27684 139906368112384] Water tank is refill
[INFO 2018-09-25 00:23:47,112 tanks 27684 139906368112384] Initialization coffee beans tank
[INFO 2018-09-25 00:23:47,115 coffee_machine 27684 139906368112384] Starting making DOPPIO
[INFO 2018-09-25 00:24:26,410 tank 27710 139711300155136] Coffee beans tank is refill
[INFO 2018-09-25 00:24:26,411 tanks 27710 139711300155136] Initialization coffee beans tank
[INFO 2018-09-25 00:24:26,412 tank 27710 139711300155136] Water tank is refill
[INFO 2018-09-25 00:24:26,413 tanks 27710 139711300155136] Initialization coffee beans tank
[INFO 2018-09-25 00:24:26,416 coffee_machine 27710 139711300155136] Starting making AMERICANO
[INFO 2018-09-25 00:25:19,010 tank 27736 140286782453504] Coffee beans tank is refill
[INFO 2018-09-25 00:25:19,012 tanks 27736 140286782453504] Initialization coffee beans tank
[INFO 2018-09-25 00:25:19,012 tank 27736 140286782453504] Water tank is refill
[INFO 2018-09-25 00:25:19,013 tanks 27736 140286782453504] Initialization coffee beans tank
[INFO 2018-09-25 00:26:09,641 tank 27770 139806511138560] Coffee beans tank is refill
[INFO 2018-09-25 00:26:09,643 tanks 27770 139806511138560] Initialization coffee beans tank
[INFO 2018-09-25 00:26:09,643 tank 27770 139806511138560] Water tank is refill
[INFO 2018-09-25 00:26:09,644 tanks 27770 139806511138560] Initialization coffee beans tank
[INFO 2018-09-25 00:26:16,242 coffee_machine 27770 139806511138560] Starting making AMERICANO
[INFO 2018-09-25 00:26:39,074 tank 27824 140372415715072] Coffee beans tank is refill
[INFO 2018-09-25 00:26:39,075 tanks 27824 140372415715072] Initialization coffee beans tank
[INFO 2018-09-25 00:26:39,075 tank 27824 140372415715072] Water tank is refill
[INFO 2018-09-25 00:26:39,075 tanks 27824 140372415715072] Initialization coffee beans tank
[INFO 2018-09-25 00:26:46,994 coffee_machine 27824 140372415715072] Starting making AMERICANO
[INFO 2018-09-25 00:27:05,268 tank 27851 139915335362304] Coffee beans tank is refill
[INFO 2018-09-25 00:27:05,269 tanks 27851 139915335362304] Initialization coffee beans tank
[INFO 2018-09-25 00:27:05,269 tank 27851 139915335362304] Water tank is refill
[INFO 2018-09-25 00:27:05,269 tanks 27851 139915335362304] Initialization coffee beans tank
[INFO 2018-09-25 00:27:52,621 coffee_machine 27851 139915335362304] Starting making DOPPIO
[INFO 2018-09-25 00:28:04,283 tank 27912 140677585880832] Coffee beans tank is refill
[INFO 2018-09-25 00:28:04,284 tanks 27912 140677585880832] Initialization coffee beans tank
[INFO 2018-09-25 00:28:04,284 tank 27912 140677585880832] Water tank is refill
[INFO 2018-09-25 00:28:04,285 tanks 27912 140677585880832] Initialization coffee beans tank
[INFO 2018-09-25 00:28:06,733 coffee_machine 27912 140677585880832] Starting making AMERICANO
[INFO 2018-09-25 00:28:30,038 tank 27933 139657214146304] Coffee beans tank is refill
[INFO 2018-09-25 00:28:30,039 tanks 27933 139657214146304] Initialization coffee beans tank
[INFO 2018-09-25 00:28:30,040 tank 27933 139657214146304] Water tank is refill
[INFO 2018-09-25 00:28:30,040 tanks 27933 139657214146304] Initialization coffee beans tank
[INFO 2018-09-25 00:28:49,757 tank 27950 139833577006848] Coffee beans tank is refill
[INFO 2018-09-25 00:28:49,758 tanks 27950 139833577006848] Initialization coffee beans tank
[INFO 2018-09-25 00:28:49,758 tank 27950 139833577006848] Water tank is refill
[INFO 2018-09-25 00:28:49,759 tanks 27950 139833577006848] Initialization coffee beans tank
[INFO 2018-09-25 00:28:51,373 coffee_machine 27950 139833577006848] Starting making ESPRESSO
[INFO 2018-09-25 00:30:22,308 tank 28013 140494115419904] Water tank is refill
[INFO 2018-09-25 00:30:22,309 tanks 28013 140494115419904] Initialization coffee beans tank
[INFO 2018-09-25 00:30:24,398 tank 28013 140494115419904] Coffee beans tank is refill
[INFO 2018-09-25 00:30:24,399 tanks 28013 140494115419904] Initialization coffee beans tank
[INFO 2018-09-25 00:30:25,810 coffee_machine 28013 140494115419904] Starting making CAPPUCCINO
[INFO 2018-09-25 00:32:10,406 tank 28085 140556844996352] Water tank is refill
[INFO 2018-09-25 00:32:10,406 tanks 28085 140556844996352] Initialization coffee beans tank
[INFO 2018-09-25 00:32:12,279 tank 28085 140556844996352] Coffee beans tank is refill
[INFO 2018-09-25 00:32:12,279 tanks 28085 140556844996352] Initialization coffee beans tank
[INFO 2018-09-25 00:32:13,610 coffee_machine 28085 140556844996352] Starting making ESPRESSO
[INFO 2018-09-25 01:01:01,633 tank 28781 139723373688576] Water tank is refill
[INFO 2018-09-25 01:01:01,634 tanks 28781 139723373688576] Initialization coffee beans tank
[INFO 2018-09-25 01:01:07,673 tank 28781 139723373688576] Coffee beans tank is refill
[INFO 2018-09-25 01:01:07,674 tanks 28781 139723373688576] Initialization coffee beans tank
[INFO 2018-09-25 01:01:09,078 coffee_machine 28781 139723373688576] AMERICANO is ready
[INFO 2018-09-25 01:01:09,083 coffee_machine 28781 139723373688576] Starting making CAPPUCCINO
[INFO 2018-09-25 01:01:40,537 tank 28817 140218654799616] Water tank is refill
[INFO 2018-09-25 01:01:40,537 tanks 28817 140218654799616] Initialization coffee beans tank
[INFO 2018-09-25 01:01:40,538 tank 28817 140218654799616] Coffee beans tank is refill
[INFO 2018-09-25 01:01:40,538 tanks 28817 140218654799616] Initialization coffee beans tank
[INFO 2018-09-25 01:01:42,441 coffee_machine 28817 140218654799616] AMERICANO is ready
[INFO 2018-09-25 01:01:42,446 coffee_machine 28817 140218654799616] Starting making DOPPIO
[INFO 2018-09-25 01:16:42,902 tank 29407 139693275756288] Water tank is refill
[INFO 2018-09-25 01:16:42,903 tanks 29407 139693275756288] Initialization coffee beans tank
[INFO 2018-09-25 01:16:42,904 tank 29407 139693275756288] Coffee beans tank is refill
[INFO 2018-09-25 01:16:42,904 tanks 29407 139693275756288] Initialization coffee beans tank
[INFO 2018-09-25 01:16:51,771 coffee_machine 29407 139693275756288] AMERICANO is ready
[INFO 2018-09-25 01:16:51,774 coffee_machine 29407 139693275756288] Starting making DOPPIO
[INFO 2018-09-25 01:17:21,512 tank 29438 140484034221824] Water tank is refill
[INFO 2018-09-25 01:17:21,512 tanks 29438 140484034221824] Initialization coffee beans tank
[INFO 2018-09-25 01:17:21,513 tank 29438 140484034221824] Coffee beans tank is refill
[INFO 2018-09-25 01:17:21,514 tanks 29438 140484034221824] Initialization coffee beans tank
[INFO 2018-09-25 01:17:21,515 tank 29438 140484034221824] Water tank is empty
[INFO 2018-09-25 01:17:21,515 tank 29438 140484034221824] Coffee beans tank is empty
[INFO 2018-09-25 01:17:21,517 coffee_machine 29438 140484034221824] AMERICANO is ready
[INFO 2018-09-25 01:18:15,379 tank 29465 140497600337664] Water tank is refill
[INFO 2018-09-25 01:18:15,380 tanks 29465 140497600337664] Initialization coffee beans tank
[INFO 2018-09-25 01:18:15,381 tank 29465 140497600337664] Coffee beans tank is refill
[INFO 2018-09-25 01:18:15,381 tanks 29465 140497600337664] Initialization coffee beans tank
[INFO 2018-09-25 01:18:15,382 tank 29465 140497600337664] Water tank is empty
[INFO 2018-09-25 01:18:15,383 tank 29465 140497600337664] Coffee beans tank is empty
[INFO 2018-09-25 01:18:15,385 coffee_machine 29465 140497600337664] AMERICANO is ready
[INFO 2018-09-25 01:18:48,690 tank 29483 140172719122176] Water tank is refill
[INFO 2018-09-25 01:18:48,690 tanks 29483 140172719122176] Initialization coffee beans tank
[INFO 2018-09-25 01:20:39,259 tank 29483 140172719122176] Coffee beans tank is refill
[INFO 2018-09-25 01:20:39,260 tanks 29483 140172719122176] Initialization coffee beans tank
[INFO 2018-09-25 01:21:01,039 tank 29633 140464149186304] Water tank is refill
[INFO 2018-09-25 01:21:01,039 tanks 29633 140464149186304] Initialization coffee beans tank
[INFO 2018-09-25 01:21:01,040 tank 29633 140464149186304] Coffee beans tank is refill
[INFO 2018-09-25 01:21:01,040 tanks 29633 140464149186304] Initialization coffee beans tank
[INFO 2018-09-25 01:21:01,041 tank 29633 140464149186304] Water tank is empty
[INFO 2018-09-25 01:21:04,024 tank 29633 140464149186304] Coffee beans tank is empty
[INFO 2018-09-25 01:21:07,901 coffee_machine 29633 140464149186304] AMERICANO is ready
[INFO 2018-09-25 01:21:26,368 tank 29659 139906253350656] Water tank is refill
[INFO 2018-09-25 01:21:26,368 tanks 29659 139906253350656] Initialization coffee beans tank
[INFO 2018-09-25 01:21:26,369 tank 29659 139906253350656] Coffee beans tank is refill
[INFO 2018-09-25 01:21:26,369 tanks 29659 139906253350656] Initialization coffee beans tank
[INFO 2018-09-25 01:21:26,370 tank 29659 139906253350656] Water tank is empty
[INFO 2018-09-25 01:21:51,506 tank 29659 139906253350656] Coffee beans tank is empty
[INFO 2018-09-25 01:24:51,051 tank 29783 140132534257408] Water tank is refill
[INFO 2018-09-25 01:24:51,052 tanks 29783 140132534257408] Initialization coffee beans tank
[INFO 2018-09-25 01:24:51,053 tank 29783 140132534257408] Coffee beans tank is refill
[INFO 2018-09-25 01:24:51,053 tanks 29783 140132534257408] Initialization coffee beans tank
[INFO 2018-09-25 01:26:03,476 tank 29840 140469270005504] Water tank is refill
[INFO 2018-09-25 01:26:03,477 tanks 29840 140469270005504] Initialization coffee beans tank
[INFO 2018-09-25 01:26:03,478 tank 29840 140469270005504] Coffee beans tank is refill
[INFO 2018-09-25 01:26:03,478 tanks 29840 140469270005504] Initialization coffee beans tank
[INFO 2018-09-25 01:26:03,479 tank 29840 140469270005504] Water tank is empty
[INFO 2018-09-25 01:26:05,877 tank 29840 140469270005504] Coffee beans tank is empty
[INFO 2018-09-25 01:26:49,548 tank 29866 140203164493568] Water tank is refill
[INFO 2018-09-25 01:26:49,549 tanks 29866 140203164493568] Initialization coffee beans tank
[INFO 2018-09-25 01:26:49,551 tank 29866 140203164493568] Coffee beans tank is refill
[INFO 2018-09-25 01:26:49,552 tanks 29866 140203164493568] Initialization coffee beans tank
[INFO 2018-09-25 01:26:49,553 tank 29866 140203164493568] Water tank is empty
[INFO 2018-09-25 01:26:53,898 tank 29866 140203164493568] Coffee beans tank is empty
[INFO 2018-09-25 01:28:15,958 tank 29934 140680172963584] Water tank is refill
[INFO 2018-09-25 01:28:15,958 tanks 29934 140680172963584] Initialization coffee beans tank
[INFO 2018-09-25 01:28:15,959 tank 29934 140680172963584] Coffee beans tank is refill
[INFO 2018-09-25 01:28:15,959 tanks 29934 140680172963584] Initialization coffee beans tank
[INFO 2018-09-25 01:28:15,960 tank 29934 140680172963584] Water tank is empty
[INFO 2018-09-25 01:28:15,961 tank 29934 140680172963584] Coffee beans tank is empty
[INFO 2018-09-25 01:28:18,037 coffee_machine 29934 140680172963584] AMERICANO is ready
[INFO 2018-09-25 01:28:52,022 tank 29960 139881882699520] Water tank is refill
[INFO 2018-09-25 01:28:52,023 tanks 29960 139881882699520] Initialization coffee beans tank
[INFO 2018-09-25 01:28:52,025 tank 29960 139881882699520] Coffee beans tank is refill
[INFO 2018-09-25 01:28:52,025 tanks 29960 139881882699520] Initialization coffee beans tank
[INFO 2018-09-25 01:28:52,027 tank 29960 139881882699520] Water tank is empty
[INFO 2018-09-25 01:28:52,028 tank 29960 139881882699520] Coffee beans tank is empty
[INFO 2018-09-25 01:31:28,630 coffee_machine 29960 139881882699520] AMERICANO is ready
[INFO 2018-09-25 01:31:59,715 tank 30095 140257764804352] Water tank is refill
[INFO 2018-09-25 01:31:59,716 tanks 30095 140257764804352] Initialization coffee beans tank
[INFO 2018-09-25 01:31:59,716 tank 30095 140257764804352] Coffee beans tank is refill
[INFO 2018-09-25 01:31:59,717 tanks 30095 140257764804352] Initialization coffee beans tank
[INFO 2018-09-25 01:31:59,718 coffee_machine 30095 140257764804352] AMERICANO is ready
[INFO 2018-09-25 01:32:03,465 coffee_machine 30095 140257764804352] Starting making ESPRESSO
[INFO 2018-09-25 01:44:05,236 tank 30663 139822169786112] Water tank is refill
[INFO 2018-09-25 01:44:05,237 tanks 30663 139822169786112] Initialization coffee beans tank
[INFO 2018-09-25 01:44:05,237 tank 30663 139822169786112] Coffee beans tank is refill
[INFO 2018-09-25 01:44:05,238 tanks 30663 139822169786112] Initialization coffee beans tank
[INFO 2018-09-25 01:44:05,239 tank 30663 139822169786112] Water tank is empty
[INFO 2018-09-25 01:44:05,239 tank 30663 139822169786112] Coffee beans tank is empty
[INFO 2018-09-25 01:44:05,240 coffee_machine 30663 139822169786112] AMERICANO is ready
[INFO 2018-09-25 01:46:36,703 tank 30790 140351382394624] Water tank is refill
[INFO 2018-09-25 01:46:36,704 tanks 30790 140351382394624] Initialization coffee beans tank
[INFO 2018-09-25 01:46:36,705 tank 30790 140351382394624] Coffee beans tank is refill
[INFO 2018-09-25 01:46:36,705 tanks 30790 140351382394624] Initialization coffee beans tank
[INFO 2018-09-25 01:46:36,706 tank 30790 140351382394624] Water tank is empty
[INFO 2018-09-25 01:46:36,706 tank 30790 140351382394624] Coffee beans tank is empty
[INFO 2018-09-25 01:46:36,708 coffee_machine 30790 140351382394624] AMERICANO is ready
[INFO 2018-09-25 01:48:57,590 tank 30846 139758574679808] Water tank is refill
[INFO 2018-09-25 01:48:57,591 tanks 30846 139758574679808] Initialization coffee beans tank
[INFO 2018-09-25 01:48:57,592 tank 30846 139758574679808] Coffee beans tank is refill
[INFO 2018-09-25 01:48:57,593 tanks 30846 139758574679808] Initialization coffee beans tank
[INFO 2018-09-25 01:48:57,594 tank 30846 139758574679808] Water tank is empty
[INFO 2018-09-25 01:48:57,595 tank 30846 139758574679808] Coffee beans tank is empty
[INFO 2018-09-25 01:48:57,596 coffee_machine 30846 139758574679808] AMERICANO is ready
[INFO 2018-09-25 01:49:20,759 tank 30865 140438860486400] Water tank is refill
[INFO 2018-09-25 01:49:20,760 tanks 30865 140438860486400] Initialization coffee beans tank
[INFO 2018-09-25 01:49:20,762 tank 30865 140438860486400] Coffee beans tank is refill
[INFO 2018-09-25 01:49:20,762 tanks 30865 140438860486400] Initialization coffee beans tank
[INFO 2018-09-25 01:49:20,763 tank 30865 140438860486400] Water tank is empty
[INFO 2018-09-25 01:49:20,763 tank 30865 140438860486400] Coffee beans tank is empty
[INFO 2018-09-25 01:49:20,765 coffee_machine 30865 140438860486400] AMERICANO is ready
[INFO 2018-09-25 01:51:05,700 tank 30958 140285517940480] Water tank is refill
[INFO 2018-09-25 01:51:34,325 tanks 30958 140285517940480] Initialization coffee beans tank
[INFO 2018-09-25 01:51:34,327 tank 30958 140285517940480] Coffee beans tank is refill
[INFO 2018-09-25 01:51:38,266 tanks 30958 140285517940480] Initialization coffee beans tank
[INFO 2018-09-25 01:51:38,267 tank 30958 140285517940480] Water tank is empty
[INFO 2018-09-25 01:51:48,596 tank 30958 140285517940480] Coffee beans tank is empty
[INFO 2018-09-25 01:51:50,412 coffee_machine 30958 140285517940480] AMERICANO is ready
[INFO 2018-09-25 01:52:27,830 tank 31021 140470221735680] Water tank is refill
[INFO 2018-09-25 01:52:31,663 tanks 31021 140470221735680] Initialization coffee beans tank
[INFO 2018-09-25 01:52:31,664 tank 31021 140470221735680] Coffee beans tank is refill
[INFO 2018-09-25 01:52:33,269 tanks 31021 140470221735680] Initialization coffee beans tank
[INFO 2018-09-25 01:52:33,272 tank 31021 140470221735680] Water tank is empty
[INFO 2018-09-25 01:52:34,109 tank 31021 140470221735680] Coffee beans tank is empty
[INFO 2018-09-25 01:53:05,796 tank 31054 139972289935104] Water tank is refill
[INFO 2018-09-25 01:53:08,655 tanks 31054 139972289935104] Initialization coffee beans tank
[INFO 2018-09-25 01:53:08,656 tank 31054 139972289935104] Coffee beans tank is refill
[INFO 2018-09-25 01:53:10,279 tanks 31054 139972289935104] Initialization coffee beans tank
[INFO 2018-09-25 01:53:10,280 tank 31054 139972289935104] Water tank is empty
[INFO 2018-09-25 01:53:14,724 tank 31054 139972289935104] Coffee beans tank is empty
[INFO 2018-09-25 01:57:11,916 tank 31182 140260885575424] Water tank is refill
[INFO 2018-09-25 01:57:14,896 tanks 31182 140260885575424] Initialization coffee beans tank
[INFO 2018-09-25 01:57:14,898 tank 31182 140260885575424] Coffee beans tank is refill
[INFO 2018-09-25 01:57:20,414 tanks 31182 140260885575424] Initialization coffee beans tank
[INFO 2018-09-25 01:57:20,416 tank 31182 140260885575424] Water tank is empty
[INFO 2018-09-25 01:57:20,417 tank 31182 140260885575424] Coffee beans tank is empty
[INFO 2018-09-25 01:57:26,282 tank 31182 140260885575424] Coffee beans tank is refill
[INFO 2018-09-25 01:57:26,287 tank 31182 140260885575424] Coffee beans tank is refill
[INFO 2018-09-25 01:57:26,289 coffee_machine 31182 140260885575424] AMERICANO is ready
[INFO 2018-09-25 01:59:41,708 tank 31271 139672748005120] Water tank is refill
[INFO 2018-09-25 01:59:41,709 tanks 31271 139672748005120] Initialization coffee beans tank
[INFO 2018-09-25 01:59:41,710 tank 31271 139672748005120] Coffee beans tank is refill
[INFO 2018-09-25 01:59:41,710 tanks 31271 139672748005120] Initialization coffee beans tank
[INFO 2018-09-25 01:59:41,711 tank 31271 139672748005120] Water tank is empty
[INFO 2018-09-25 01:59:41,711 tank 31271 139672748005120] Coffee beans tank is empty
[INFO 2018-09-25 02:02:13,557 tank 31419 140669869631232] Water tank is refill
[INFO 2018-09-25 02:02:13,557 tanks 31419 140669869631232] Initialization coffee beans tank
[INFO 2018-09-25 02:02:13,558 tank 31419 140669869631232] Coffee beans tank is refill
[INFO 2018-09-25 02:02:13,558 tanks 31419 140669869631232] Initialization coffee beans tank
[INFO 2018-09-25 02:02:13,559 tank 31419 140669869631232] Water tank is empty
[INFO 2018-09-25 02:02:13,560 tank 31419 140669869631232] Coffee beans tank is empty
[INFO 2018-09-25 02:02:21,448 tank 31419 140669869631232] Coffee beans tank is refill
[INFO 2018-09-25 02:02:21,449 tank 31419 140669869631232] Coffee beans tank is refill
[INFO 2018-09-25 02:02:21,451 coffee_machine 31419 140669869631232] AMERICANO is ready
[INFO 2018-09-25 02:02:35,936 tank 31449 140218278635264] Water tank is refill
[INFO 2018-09-25 02:02:35,937 tanks 31449 140218278635264] Initialization coffee beans tank
[INFO 2018-09-25 02:02:35,937 tank 31449 140218278635264] Coffee beans tank is refill
[INFO 2018-09-25 02:02:35,938 tanks 31449 140218278635264] Initialization coffee beans tank
[INFO 2018-09-25 02:02:35,939 tank 31449 140218278635264] Water tank is empty
[INFO 2018-09-25 02:02:35,939 tank 31449 140218278635264] Coffee beans tank is empty
[INFO 2018-09-25 02:02:43,582 tank 31466 139799551751936] Water tank is refill
[INFO 2018-09-25 02:02:43,582 tanks 31466 139799551751936] Initialization coffee beans tank
[INFO 2018-09-25 02:02:43,583 tank 31466 139799551751936] Coffee beans tank is refill
[INFO 2018-09-25 02:02:43,583 tanks 31466 139799551751936] Initialization coffee beans tank
[INFO 2018-09-25 02:02:43,584 tank 31466 139799551751936] Water tank is empty
[INFO 2018-09-25 02:02:43,585 tank 31466 139799551751936] Coffee beans tank is empty
[INFO 2018-09-25 02:02:43,587 tank 31466 139799551751936] Coffee beans tank is refill
[INFO 2018-09-25 02:02:43,587 tank 31466 139799551751936] Coffee beans tank is refill
[INFO 2018-09-25 02:02:43,589 coffee_machine 31466 139799551751936] AMERICANO is ready
[INFO 2018-09-25 02:03:46,571 tank 31500 140483530618624] Water tank is refill
[INFO 2018-09-25 02:03:46,572 tanks 31500 140483530618624] Initialization coffee beans tank
[INFO 2018-09-25 02:03:46,572 tank 31500 140483530618624] Coffee beans tank is refill
[INFO 2018-09-25 02:03:46,573 tanks 31500 140483530618624] Initialization coffee beans tank
[INFO 2018-09-25 02:03:46,574 tank 31500 140483530618624] Water tank is empty
[INFO 2018-09-25 02:03:46,574 tank 31500 140483530618624] Coffee beans tank is empty
[INFO 2018-09-25 02:03:46,576 tank 31500 140483530618624] Coffee beans tank is refill
[INFO 2018-09-25 02:03:46,577 coffee_machine 31500 140483530618624] AMERICANO is ready
[INFO 2018-09-25 02:03:52,527 tank 31511 140463814989568] Water tank is refill
[INFO 2018-09-25 02:03:52,527 tanks 31511 140463814989568] Initialization coffee beans tank
[INFO 2018-09-25 02:03:52,528 tank 31511 140463814989568] Coffee beans tank is refill
[INFO 2018-09-25 02:03:52,528 tanks 31511 140463814989568] Initialization coffee beans tank
[INFO 2018-09-25 02:03:52,529 tank 31511 140463814989568] Water tank is empty
[INFO 2018-09-25 02:03:52,530 tank 31511 140463814989568] Coffee beans tank is empty
[INFO 2018-09-25 02:04:37,719 tank 31511 140463814989568] Coffee beans tank is refill
[INFO 2018-09-25 02:05:10,370 coffee_machine 31511 140463814989568] AMERICANO is ready
[INFO 2018-09-25 02:05:37,922 tank 31600 140133500618496] Water tank is refill
[INFO 2018-09-25 02:06:11,294 tanks 31600 140133500618496] Initialization coffee beans tank
[INFO 2018-09-25 02:06:11,295 tank 31600 140133500618496] Coffee beans tank is refill
[INFO 2018-09-25 02:06:15,131 tanks 31600 140133500618496] Initialization coffee beans tank
[INFO 2018-09-25 02:06:15,133 tank 31600 140133500618496] Water tank is empty
[INFO 2018-09-25 02:06:15,134 tank 31600 140133500618496] Coffee beans tank is empty
[INFO 2018-09-25 02:06:17,355 tank 31600 140133500618496] Coffee beans tank is refill
[INFO 2018-09-25 02:06:18,731 coffee_machine 31600 140133500618496] AMERICANO is ready
[INFO 2018-09-25 02:06:29,505 tank 31656 140570668893952] Water tank is refill
[INFO 2018-09-25 02:06:33,426 tanks 31656 140570668893952] Initialization coffee beans tank
[INFO 2018-09-25 02:06:33,429 tank 31656 140570668893952] Coffee beans tank is refill
[INFO 2018-09-25 02:06:33,430 tanks 31656 140570668893952] Initialization coffee beans tank
[INFO 2018-09-25 02:06:33,434 tank 31656 140570668893952] Water tank is empty
[INFO 2018-09-25 02:06:33,435 tank 31656 140570668893952] Coffee beans tank is empty
[INFO 2018-09-25 02:06:34,407 tank 31656 140570668893952] Coffee beans tank is refill
[INFO 2018-09-25 02:06:34,409 coffee_machine 31656 140570668893952] AMERICANO is ready
[INFO 2018-09-25 02:07:40,998 tank 31693 139710567786240] Water tank is refill
[INFO 2018-09-25 02:07:40,999 tanks 31693 139710567786240] Initialization coffee beans tank
[INFO 2018-09-25 02:07:41,000 tank 31693 139710567786240] Coffee beans tank is refill
[INFO 2018-09-25 02:07:41,000 tanks 31693 139710567786240] Initialization coffee beans tank
[INFO 2018-09-25 02:07:41,002 tank 31693 139710567786240] Water tank is empty
[INFO 2018-09-25 02:07:41,002 tank 31693 139710567786240] Coffee beans tank is empty
[INFO 2018-09-25 02:07:46,818 tank 31693 139710567786240] Coffee beans tank is refill
[INFO 2018-09-25 02:07:46,819 coffee_machine 31693 139710567786240] AMERICANO is ready
[INFO 2018-09-25 02:09:23,155 tank 31766 140554498574080] Water tank is refill
[INFO 2018-09-25 02:09:23,155 tanks 31766 140554498574080] Initialization coffee beans tank
[INFO 2018-09-25 02:09:23,156 tank 31766 140554498574080] Coffee beans tank is refill
[INFO 2018-09-25 02:09:23,157 tanks 31766 140554498574080] Initialization coffee beans tank
[INFO 2018-09-25 02:09:23,158 coffee_machine 31766 140554498574080] AMERICANO is ready
[INFO 2018-09-25 02:09:52,870 coffee_machine 31766 140554498574080] Starting making ESPRESSO
[INFO 2018-09-25 02:10:34,041 tank 31869 140103156418304] Water tank is refill
[INFO 2018-09-25 02:10:34,041 tanks 31869 140103156418304] Initialization coffee beans tank
[INFO 2018-09-25 02:10:34,042 tank 31869 140103156418304] Coffee beans tank is refill
[INFO 2018-09-25 02:10:34,043 tanks 31869 140103156418304] Initialization coffee beans tank
[INFO 2018-09-25 02:10:34,044 tank 31869 140103156418304] Water tank is empty
[INFO 2018-09-25 02:10:34,044 tank 31869 140103156418304] Coffee beans tank is empty
[INFO 2018-09-25 02:10:35,790 tank 31869 140103156418304] Coffee beans tank is refill
[INFO 2018-09-25 02:10:35,793 coffee_machine 31869 140103156418304] AMERICANO is ready
[INFO 2018-09-25 02:12:23,935 tank 32005 140289708660480] Water tank is refill
[INFO 2018-09-25 02:12:23,936 tanks 32005 140289708660480] Initialization coffee beans tank
[INFO 2018-09-25 02:12:23,937 tank 32005 140289708660480] Coffee beans tank is refill
[INFO 2018-09-25 02:12:23,937 tanks 32005 140289708660480] Initialization coffee beans tank
[INFO 2018-09-25 02:12:44,414 tank 32005 140289708660480] Water tank is empty
[INFO 2018-09-25 02:12:45,602 tank 32005 140289708660480] Coffee beans tank is empty
[INFO 2018-09-25 02:13:31,655 tank 32005 140289708660480] Coffee beans tank is refill
[INFO 2018-09-25 02:14:33,314 coffee_machine 32005 140289708660480] AMERICANO is ready
[INFO 2018-09-25 02:14:38,065 tank 32155 139755867854592] Water tank is refill
[INFO 2018-09-25 02:14:38,066 tanks 32155 139755867854592] Initialization coffee beans tank
[INFO 2018-09-25 02:14:38,067 tank 32155 139755867854592] Coffee beans tank is refill
[INFO 2018-09-25 02:14:38,067 tanks 32155 139755867854592] Initialization coffee beans tank
[INFO 2018-09-25 02:14:51,306 tank 32155 139755867854592] Water tank is empty
[INFO 2018-09-25 02:14:52,010 tank 32155 139755867854592] Coffee beans tank is empty
[INFO 2018-09-25 02:16:27,085 tank 32257 139752136091392] Water tank is refill
[INFO 2018-09-25 02:16:27,086 tanks 32257 139752136091392] Initialization coffee beans tank
[INFO 2018-09-25 02:16:27,087 tank 32257 139752136091392] Coffee beans tank is refill
[INFO 2018-09-25 02:16:27,087 tanks 32257 139752136091392] Initialization coffee beans tank
[INFO 2018-09-25 02:16:30,607 tank 32257 139752136091392] Water tank is empty
[INFO 2018-09-25 02:16:30,609 tank 32257 139752136091392] Coffee beans tank is empty
[INFO 2018-09-25 02:16:32,031 tank 32257 139752136091392] Coffee beans tank is refill
[INFO 2018-09-25 02:16:32,033 coffee_machine 32257 139752136091392] AMERICANO is ready
[INFO 2018-09-25 02:16:38,735 tank 32271 139982301755136] Water tank is refill
[INFO 2018-09-25 02:16:38,736 tanks 32271 139982301755136] Initialization coffee beans tank
[INFO 2018-09-25 02:16:38,737 tank 32271 139982301755136] Coffee beans tank is refill
[INFO 2018-09-25 02:16:38,737 tanks 32271 139982301755136] Initialization coffee beans tank
[INFO 2018-09-25 02:16:51,448 tank 32271 139982301755136] Water tank is empty
[INFO 2018-09-25 02:16:51,869 tank 32271 139982301755136] Coffee beans tank is empty
[INFO 2018-09-25 02:17:14,236 tank 32271 139982301755136] Coffee beans tank is refill
[INFO 2018-09-25 02:18:12,945 tank 32434 140703050483456] Water tank is refill
[INFO 2018-09-25 02:18:12,946 tanks 32434 140703050483456] Initialization coffee beans tank
[INFO 2018-09-25 02:18:12,947 tank 32434 140703050483456] Coffee beans tank is refill
[INFO 2018-09-25 02:18:12,948 tanks 32434 140703050483456] Initialization coffee beans tank
[INFO 2018-09-25 02:18:12,949 tank 32434 140703050483456] Water tank is empty
[INFO 2018-09-25 02:18:12,949 tank 32434 140703050483456] Coffee beans tank is empty
[INFO 2018-09-25 02:18:18,865 tank 32434 140703050483456] Coffee beans tank is refill
[INFO 2018-09-25 02:18:31,343 tank 32434 140703050483456] Coffee beans tank is refill
[INFO 2018-09-25 02:18:39,543 coffee_machine 32434 140703050483456] AMERICANO is ready
[INFO 2018-09-25 02:20:28,535 tank 32646 140610372597504] Water tank is refill
[INFO 2018-09-25 02:20:28,536 tanks 32646 140610372597504] Initialization coffee beans tank
[INFO 2018-09-25 02:20:28,537 tank 32646 140610372597504] Coffee beans tank is refill
[INFO 2018-09-25 02:20:28,537 tanks 32646 140610372597504] Initialization coffee beans tank
[INFO 2018-09-25 02:20:28,538 tank 32646 140610372597504] Water tank is empty
[INFO 2018-09-25 02:20:28,538 tank 32646 140610372597504] Coffee beans tank is empty
[INFO 2018-09-25 02:20:58,034 tank 32646 140610372597504] Coffee beans tank is refill
[INFO 2018-09-25 02:21:16,846 tank 32704 140249753081600] Water tank is refill
[INFO 2018-09-25 02:21:16,846 tanks 32704 140249753081600] Initialization coffee beans tank
[INFO 2018-09-25 02:21:16,847 tank 32704 140249753081600] Coffee beans tank is refill
[INFO 2018-09-25 02:21:16,848 tanks 32704 140249753081600] Initialization coffee beans tank
[INFO 2018-09-25 02:21:16,849 tank 32704 140249753081600] Water tank is empty
[INFO 2018-09-25 02:21:16,850 tank 32704 140249753081600] Coffee beans tank is empty
[INFO 2018-09-25 02:21:45,770 tank 32747 139694729717504] Water tank is refill
[INFO 2018-09-25 02:21:45,771 tanks 32747 139694729717504] Initialization coffee beans tank
[INFO 2018-09-25 02:21:45,771 tank 32747 139694729717504] Coffee beans tank is refill
[INFO 2018-09-25 02:21:45,772 tanks 32747 139694729717504] Initialization coffee beans tank
[INFO 2018-09-25 02:22:02,345 tank 32758 140151229191936] Water tank is refill
[INFO 2018-09-25 02:22:02,346 tanks 32758 140151229191936] Initialization coffee beans tank
[INFO 2018-09-25 02:22:02,346 tank 32758 140151229191936] Coffee beans tank is refill
[INFO 2018-09-25 02:22:02,347 tanks 32758 140151229191936] Initialization coffee beans tank
[INFO 2018-09-25 02:22:02,348 tank 32758 140151229191936] Water tank is empty
[INFO 2018-09-25 02:22:02,349 tank 32758 140151229191936] Coffee beans tank is empty
[INFO 2018-09-25 02:22:09,763 tank 32758 140151229191936] Coffee beans tank is refill
[INFO 2018-09-25 02:22:18,883 tank 32758 140151229191936] Coffee beans tank is refill
[INFO 2018-09-25 02:22:23,695 coffee_machine 32758 140151229191936] AMERICANO is ready
[INFO 2018-09-25 02:23:24,216 tank 388 139780265862912] Water tank is refill
[INFO 2018-09-25 02:23:24,216 tanks 388 139780265862912] Initialization coffee beans tank
[INFO 2018-09-25 02:23:24,217 tank 388 139780265862912] Coffee beans tank is refill
[INFO 2018-09-25 02:23:24,217 tanks 388 139780265862912] Initialization coffee beans tank
[INFO 2018-09-25 02:23:24,218 tank 388 139780265862912] Water tank is empty
[INFO 2018-09-25 02:23:24,219 tank 388 139780265862912] Coffee beans tank is empty
[INFO 2018-09-25 02:23:37,525 tank 388 139780265862912] Coffee beans tank is refill
[INFO 2018-09-25 02:23:42,969 tank 388 139780265862912] Coffee beans tank is refill
[INFO 2018-09-25 02:24:56,834 tank 501 139667460110080] Water tank is refill
[INFO 2018-09-25 02:24:56,834 tanks 501 139667460110080] Initialization coffee beans tank
[INFO 2018-09-25 02:24:56,835 tank 501 139667460110080] Coffee beans tank is refill
[INFO 2018-09-25 02:24:56,836 tanks 501 139667460110080] Initialization coffee beans tank
[INFO 2018-09-25 02:24:56,837 tank 501 139667460110080] Water tank is empty
[INFO 2018-09-25 02:24:56,837 tank 501 139667460110080] Coffee beans tank is empty
[INFO 2018-09-25 02:25:02,195 tank 501 139667460110080] Coffee beans tank is refill
[INFO 2018-09-25 02:25:09,465 tank 501 139667460110080] Water tank is refill
[INFO 2018-09-25 02:25:21,180 coffee_machine 501 139667460110080] AMERICANO is ready
[INFO 2018-09-25 02:25:21,182 coffee_machine 501 139667460110080] Starting making DOPPIO
[INFO 2018-09-25 02:25:47,002 tank 605 140013116753664] Water tank is refill
[INFO 2018-09-25 02:25:47,003 tanks 605 140013116753664] Initialization coffee beans tank
[INFO 2018-09-25 02:25:47,005 tank 605 140013116753664] Coffee beans tank is refill
[INFO 2018-09-25 02:25:47,005 tanks 605 140013116753664] Initialization coffee beans tank
[INFO 2018-09-25 02:25:47,007 tank 605 140013116753664] Water tank is empty
[INFO 2018-09-25 02:25:47,008 tank 605 140013116753664] Coffee beans tank is empty
[INFO 2018-09-25 02:25:50,007 tank 605 140013116753664] Coffee beans tank is refill
[INFO 2018-09-25 02:25:50,803 tank 605 140013116753664] Water tank is refill
[INFO 2018-09-25 02:25:50,806 coffee_machine 605 140013116753664] AMERICANO is ready
[INFO 2018-09-25 02:25:50,811 coffee_machine 605 140013116753664] Starting making ESPRESSO
[INFO 2018-09-25 02:29:13,513 tank 764 140307801388800] Water tank is refill
[INFO 2018-09-25 02:29:13,514 tanks 764 140307801388800] Initialization coffee beans tank
[INFO 2018-09-25 02:29:13,514 tank 764 140307801388800] Coffee beans tank is refill
[INFO 2018-09-25 02:29:13,514 tanks 764 140307801388800] Initialization coffee beans tank
[INFO 2018-09-25 02:29:13,515 tank 764 140307801388800] Water tank is empty
[INFO 2018-09-25 02:29:13,515 tank 764 140307801388800] Coffee beans tank is empty
[INFO 2018-09-25 02:30:29,566 tank 819 139673670502144] Water tank is refill
[INFO 2018-09-25 02:30:29,566 tanks 819 139673670502144] Initialization coffee beans tank
[INFO 2018-09-25 02:30:29,567 tank 819 139673670502144] Coffee beans tank is refill
[INFO 2018-09-25 02:30:29,567 tanks 819 139673670502144] Initialization coffee beans tank
[INFO 2018-09-25 02:30:29,567 tank 819 139673670502144] Water tank is empty
[INFO 2018-09-25 02:30:29,568 tank 819 139673670502144] Coffee beans tank is empty
[INFO 2018-09-25 02:31:46,296 tank 855 139898038925056] Water tank is refill
[INFO 2018-09-25 02:31:46,297 tanks 855 139898038925056] Initialization coffee beans tank
[INFO 2018-09-25 02:31:46,297 tank 855 139898038925056] Coffee beans tank is refill
[INFO 2018-09-25 02:31:46,298 tanks 855 139898038925056] Initialization coffee beans tank
[INFO 2018-09-25 02:31:46,298 tank 855 139898038925056] Water tank is empty
[INFO 2018-09-25 02:31:46,298 tank 855 139898038925056] Coffee beans tank is empty
[INFO 2018-09-25 02:32:28,792 tank 903 139718570870528] Water tank is refill
[INFO 2018-09-25 02:32:28,793 tanks 903 139718570870528] Initialization coffee beans tank
[INFO 2018-09-25 02:32:28,794 tank 903 139718570870528] Coffee beans tank is refill
[INFO 2018-09-25 02:32:28,794 tanks 903 139718570870528] Initialization coffee beans tank
[INFO 2018-09-25 02:32:28,795 tank 903 139718570870528] Water tank is empty
[INFO 2018-09-25 02:32:28,795 tank 903 139718570870528] Coffee beans tank is empty
[INFO 2018-09-25 02:32:28,797 tank 903 139718570870528] Coffee beans tank is refill
[INFO 2018-09-25 02:32:28,798 tank 903 139718570870528] Water tank is refill
[INFO 2018-09-25 02:32:28,799 coffee_machine 903 139718570870528] AMERICANO is ready
[INFO 2018-09-25 02:32:28,800 coffee_machine 903 139718570870528] Starting making ESPRESSO
[INFO 2018-09-25 02:32:41,885 tank 916 139999167829760] Water tank is refill
[INFO 2018-09-25 02:32:41,886 tanks 916 139999167829760] Initialization coffee beans tank
[INFO 2018-09-25 02:32:41,886 tank 916 139999167829760] Coffee beans tank is refill
[INFO 2018-09-25 02:32:41,887 tanks 916 139999167829760] Initialization coffee beans tank
[INFO 2018-09-25 02:32:41,888 tank 916 139999167829760] Water tank is empty
[INFO 2018-09-25 02:32:41,888 tank 916 139999167829760] Coffee beans tank is empty
[INFO 2018-09-25 02:32:41,889 tank 916 139999167829760] Coffee beans tank is refill
[INFO 2018-09-25 02:32:41,890 tank 916 139999167829760] Water tank is refill
[INFO 2018-09-25 02:32:41,890 coffee_machine 916 139999167829760] AMERICANO is ready
[INFO 2018-09-25 02:32:41,892 coffee_machine 916 139999167829760] Starting making CAPPUCCINO
[INFO 2018-09-25 02:33:34,110 tank 949 140036753639168] Water tank is refill
[INFO 2018-09-25 02:33:34,111 tanks 949 140036753639168] Initialization coffee beans tank
[INFO 2018-09-25 02:33:34,111 tank 949 140036753639168] Coffee beans tank is refill
[INFO 2018-09-25 02:33:34,112 tanks 949 140036753639168] Initialization coffee beans tank
[INFO 2018-09-25 02:33:34,112 tank 949 140036753639168] Water tank is empty
[INFO 2018-09-25 02:33:34,112 tank 949 140036753639168] Coffee beans tank is empty
[INFO 2018-09-25 02:34:06,434 tank 970 140584023574272] Water tank is refill
[INFO 2018-09-25 02:34:06,434 tanks 970 140584023574272] Initialization coffee beans tank
[INFO 2018-09-25 02:34:06,435 tank 970 140584023574272] Coffee beans tank is refill
[INFO 2018-09-25 02:34:06,435 tanks 970 140584023574272] Initialization coffee beans tank
[INFO 2018-09-25 02:34:06,436 tank 970 140584023574272] Water tank is empty
[INFO 2018-09-25 02:34:06,437 tank 970 140584023574272] Coffee beans tank is empty
[INFO 2018-09-25 02:34:06,438 tank 970 140584023574272] Coffee beans tank is refill
[INFO 2018-09-25 02:34:06,438 tank 970 140584023574272] Water tank is refill
[INFO 2018-09-25 02:34:06,439 coffee_machine 970 140584023574272] AMERICANO is ready
[INFO 2018-09-25 02:34:06,441 coffee_machine 970 140584023574272] Starting making CAPPUCCINO
[INFO 2018-09-25 02:34:52,342 tank 1014 140713318872832] Water tank is refill
[INFO 2018-09-25 02:34:52,343 tanks 1014 140713318872832] Initialization coffee beans tank
[INFO 2018-09-25 02:34:52,343 tank 1014 140713318872832] Coffee beans tank is refill
[INFO 2018-09-25 02:34:52,344 tanks 1014 140713318872832] Initialization coffee beans tank
[INFO 2018-09-25 02:34:52,345 tank 1014 140713318872832] Water tank is empty
[INFO 2018-09-25 02:34:52,345 tank 1014 140713318872832] Coffee beans tank is empty
[INFO 2018-09-25 02:34:52,348 tank 1014 140713318872832] Coffee beans tank is refill
[INFO 2018-09-25 02:34:52,348 tank 1014 140713318872832] Water tank is refill
[INFO 2018-09-25 02:34:52,349 coffee_machine 1014 140713318872832] CAPPUCCINO is ready
[INFO 2018-09-25 02:34:52,351 coffee_machine 1014 140713318872832] Starting making ESPRESSO
[INFO 2018-09-25 02:36:21,635 tank 1095 139850129041152] Water tank is refill
[INFO 2018-09-25 02:36:21,636 tanks 1095 139850129041152] Initialization coffee beans tank
[INFO 2018-09-25 02:36:21,636 tank 1095 139850129041152] Coffee beans tank is refill
[INFO 2018-09-25 02:36:21,637 tanks 1095 139850129041152] Initialization coffee beans tank
[INFO 2018-09-25 02:36:21,638 tank 1095 139850129041152] Water tank is empty
[INFO 2018-09-25 02:36:21,638 tank 1095 139850129041152] Coffee beans tank is empty
[INFO 2018-09-25 02:36:21,640 tank 1095 139850129041152] Coffee beans tank is refill
[INFO 2018-09-25 02:36:21,640 tank 1095 139850129041152] Water tank is refill
[INFO 2018-09-25 02:36:21,642 coffee_machine 1095 139850129041152] AMERICANO is ready
[INFO 2018-09-25 02:36:21,644 coffee_machine 1095 139850129041152] Starting making ESPRESSO
[INFO 2018-09-25 02:36:38,968 tank 1111 139673371465472] Water tank is refill
[INFO 2018-09-25 02:36:38,968 tanks 1111 139673371465472] Initialization coffee beans tank
[INFO 2018-09-25 02:36:38,969 tank 1111 139673371465472] Coffee beans tank is refill
[INFO 2018-09-25 02:36:38,969 tanks 1111 139673371465472] Initialization coffee beans tank
[INFO 2018-09-25 02:36:38,970 tank 1111 139673371465472] Water tank is empty
[INFO 2018-09-25 02:36:38,971 tank 1111 139673371465472] Coffee beans tank is empty
[INFO 2018-09-25 02:36:38,972 tank 1111 139673371465472] Coffee beans tank is refill
[INFO 2018-09-25 02:36:38,973 tank 1111 139673371465472] Water tank is refill
[INFO 2018-09-25 02:36:38,974 coffee_machine 1111 139673371465472] ESPRESSO is ready
[INFO 2018-09-25 02:36:38,975 coffee_machine 1111 139673371465472] Starting making DOPPIO
[INFO 2018-09-25 02:37:55,923 tank 1154 140241140594432] Water tank is refill
[INFO 2018-09-25 02:37:55,924 tanks 1154 140241140594432] Initialization coffee beans tank
[INFO 2018-09-25 02:37:55,925 tank 1154 140241140594432] Coffee beans tank is refill
[INFO 2018-09-25 02:37:55,925 tanks 1154 140241140594432] Initialization coffee beans tank
[INFO 2018-09-25 02:37:55,927 tank 1154 140241140594432] Water tank is empty
[INFO 2018-09-25 02:37:55,927 tank 1154 140241140594432] Coffee beans tank is empty
[INFO 2018-09-25 02:37:55,929 tank 1154 140241140594432] Coffee beans tank is refill
[INFO 2018-09-25 02:37:55,930 tank 1154 140241140594432] Water tank is refill
[INFO 2018-09-25 02:37:55,930 coffee_machine 1154 140241140594432] AMERICANO is ready
[INFO 2018-09-25 02:37:55,932 coffee_machine 1154 140241140594432] Starting making DOPPIO
[INFO 2018-09-25 02:43:07,379 tank 1322 139828741748480] Water tank is refill
[INFO 2018-09-25 02:43:07,380 tanks 1322 139828741748480] Initialization coffee beans tank
[INFO 2018-09-25 02:43:07,381 tank 1322 139828741748480] Coffee beans tank is refill
[INFO 2018-09-25 02:43:07,381 tanks 1322 139828741748480] Initialization coffee beans tank
[INFO 2018-09-25 02:43:07,382 tank 1322 139828741748480] Water tank is empty
[INFO 2018-09-25 02:43:07,382 tank 1322 139828741748480] Coffee beans tank is empty
[INFO 2018-09-25 02:43:07,384 tank 1322 139828741748480] Coffee beans tank is refill
[INFO 2018-09-25 02:43:07,384 tank 1322 139828741748480] Water tank is refill
[INFO 2018-09-25 02:43:07,385 coffee_machine 1322 139828741748480] CAPPUCCINO is ready
[INFO 2018-09-25 02:43:07,387 coffee_machine 1322 139828741748480] Starting making AMERICANO
[INFO 2018-09-25 02:43:19,635 tank 1338 140405592004352] Water tank is refill
[INFO 2018-09-25 02:43:19,635 tanks 1338 140405592004352] Initialization coffee beans tank
[INFO 2018-09-25 02:43:19,636 tank 1338 140405592004352] Coffee beans tank is refill
[INFO 2018-09-25 02:43:19,636 tanks 1338 140405592004352] Initialization coffee beans tank
[INFO 2018-09-25 02:43:19,637 tank 1338 140405592004352] Water tank is empty
[INFO 2018-09-25 02:43:19,638 tank 1338 140405592004352] Coffee beans tank is empty
[INFO 2018-09-25 02:43:19,639 tank 1338 140405592004352] Coffee beans tank is refill
[INFO 2018-09-25 02:43:19,640 tank 1338 140405592004352] Water tank is refill
[INFO 2018-09-25 02:43:19,640 coffee_machine 1338 140405592004352] ESPRESSO is ready
[INFO 2018-09-25 02:43:19,644 coffee_machine 1338 140405592004352] Starting making DOPPIO
[INFO 2018-09-25 02:43:33,654 tank 1371 140088679012096] Water tank is refill
[INFO 2018-09-25 02:43:33,655 tanks 1371 140088679012096] Initialization coffee beans tank
[INFO 2018-09-25 02:43:33,656 tank 1371 140088679012096] Coffee beans tank is refill
[INFO 2018-09-25 02:43:33,657 tanks 1371 140088679012096] Initialization coffee beans tank
[INFO 2018-09-25 02:43:33,658 tank 1371 140088679012096] Water tank is empty
[INFO 2018-09-25 02:43:33,658 tank 1371 140088679012096] Coffee beans tank is empty
[INFO 2018-09-25 02:43:33,659 tank 1371 140088679012096] Coffee beans tank is refill
[INFO 2018-09-25 02:43:33,660 tank 1371 140088679012096] Water tank is refill
[INFO 2018-09-25 02:43:33,660 coffee_machine 1371 140088679012096] CAPPUCCINO is ready
[INFO 2018-09-25 02:43:33,662 coffee_machine 1371 140088679012096] Starting making DOPPIO
[INFO 2018-09-25 02:43:33,663 coffee_machine 1371 140088679012096] Starting making AMERICANO
[INFO 2018-09-25 02:51:16,396 tank 1639 140651013478144] Water tank is refill
[INFO 2018-09-25 02:51:16,397 tanks 1639 140651013478144] Initialization coffee beans tank
[INFO 2018-09-25 02:51:16,398 tank 1639 140651013478144] Coffee beans tank is refill
[INFO 2018-09-25 02:51:16,399 tanks 1639 140651013478144] Initialization coffee beans tank
[INFO 2018-09-25 02:51:16,400 tank 1639 140651013478144] Water tank is empty
[INFO 2018-09-25 02:51:16,401 tank 1639 140651013478144] Coffee beans tank is empty
[INFO 2018-09-25 02:51:16,402 tank 1639 140651013478144] Coffee beans tank is refill
[INFO 2018-09-25 02:51:16,403 tank 1639 140651013478144] Water tank is refill
[INFO 2018-09-25 02:51:16,403 coffee_machine 1639 140651013478144] DOPPIO is ready
[INFO 2018-09-25 02:51:16,405 coffee_machine 1639 140651013478144] Starting making AMERICANO
[INFO 2018-09-25 02:52:01,624 tank 1685 140081536145152] Water tank is refill
[INFO 2018-09-25 02:52:01,625 tanks 1685 140081536145152] Initialization coffee beans tank
[INFO 2018-09-25 02:52:01,625 tank 1685 140081536145152] Coffee beans tank is refill
[INFO 2018-09-25 02:52:01,626 tanks 1685 140081536145152] Initialization coffee beans tank
[INFO 2018-09-25 02:52:01,626 tank 1685 140081536145152] Water tank is empty
[INFO 2018-09-25 02:52:01,627 tank 1685 140081536145152] Coffee beans tank is empty
[INFO 2018-09-25 02:52:01,628 tank 1685 140081536145152] Coffee beans tank is refill
[INFO 2018-09-25 02:52:01,629 tank 1685 140081536145152] Water tank is refill
[INFO 2018-09-25 02:52:01,629 coffee_machine 1685 140081536145152] AMERICANO is ready
[INFO 2018-09-25 02:52:01,631 coffee_machine 1685 140081536145152] Starting making DOPPIO
[INFO 2018-09-25 02:52:13,518 coffee_machine 1685 140081536145152] Starting making DOPPIO
[INFO 2018-09-25 02:52:13,522 coffee_machine 1685 140081536145152] Starting making CAPPUCCINO
[INFO 2018-09-25 02:52:34,017 tank 1715 140079823435520] Water tank is refill
[INFO 2018-09-25 02:52:34,018 tanks 1715 140079823435520] Initialization coffee beans tank
[INFO 2018-09-25 02:52:34,019 tank 1715 140079823435520] Coffee beans tank is refill
[INFO 2018-09-25 02:52:34,019 tanks 1715 140079823435520] Initialization coffee beans tank
[INFO 2018-09-25 02:52:34,020 tank 1715 140079823435520] Water tank is empty
[INFO 2018-09-25 02:52:34,020 tank 1715 140079823435520] Coffee beans tank is empty
[INFO 2018-09-25 02:52:34,022 tank 1715 140079823435520] Coffee beans tank is refill
[INFO 2018-09-25 02:52:34,022 tank 1715 140079823435520] Water tank is refill
[INFO 2018-09-25 02:52:34,023 coffee_machine 1715 140079823435520] DOPPIO is ready
[INFO 2018-09-25 02:52:34,024 coffee_machine 1715 140079823435520] Starting making ESPRESSO
[INFO 2018-09-25 02:53:39,518 tank 1764 140691946161920] Water tank is refill
[INFO 2018-09-25 02:53:39,519 tanks 1764 140691946161920] Initialization coffee beans tank
[INFO 2018-09-25 02:53:39,519 tank 1764 140691946161920] Coffee beans tank is refill
[INFO 2018-09-25 02:53:39,520 tanks 1764 140691946161920] Initialization coffee beans tank
[INFO 2018-09-25 02:53:39,521 tank 1764 140691946161920] Water tank is empty
[INFO 2018-09-25 02:53:39,521 tank 1764 140691946161920] Coffee beans tank is empty
[INFO 2018-09-25 02:53:39,523 tank 1764 140691946161920] Coffee beans tank is refill
[INFO 2018-09-25 02:53:39,524 tank 1764 140691946161920] Water tank is refill
[INFO 2018-09-25 02:53:39,524 coffee_machine 1764 140691946161920] CAPPUCCINO is ready
[INFO 2018-09-25 02:53:39,526 coffee_machine 1764 140691946161920] Starting making ESPRESSO
[INFO 2018-09-25 02:53:42,576 coffee_machine 1764 140691946161920] ESPRESSO is ready
[INFO 2018-09-25 02:53:46,228 coffee_machine 1764 140691946161920] Starting making AMERICANO
[INFO 2018-09-25 02:55:16,961 tank 1836 140178951182080] Water tank is refill
[INFO 2018-09-25 02:55:16,962 tanks 1836 140178951182080] Initialization coffee beans tank
[INFO 2018-09-25 02:55:16,962 tank 1836 140178951182080] Coffee beans tank is refill
[INFO 2018-09-25 02:55:16,963 tanks 1836 140178951182080] Initialization coffee beans tank
[INFO 2018-09-25 02:55:16,964 tank 1836 140178951182080] Water tank is empty
[INFO 2018-09-25 02:55:16,964 tank 1836 140178951182080] Coffee beans tank is empty
[INFO 2018-09-25 02:55:16,965 tank 1836 140178951182080] Coffee beans tank is refill
[INFO 2018-09-25 02:55:16,966 tank 1836 140178951182080] Water tank is refill
[INFO 2018-09-25 02:55:16,966 coffee_machine 1836 140178951182080] AMERICANO is ready
[INFO 2018-09-25 02:55:16,968 coffee_machine 1836 140178951182080] Starting making DOPPIO
[INFO 2018-09-25 02:55:16,968 coffee_machine 1836 140178951182080] DOPPIO is ready
[INFO 2018-09-25 02:55:16,970 coffee_machine 1836 140178951182080] Starting making ESPRESSO
[INFO 2018-09-25 02:55:57,245 tank 1888 140329039451904] Water tank is refill
[INFO 2018-09-25 02:55:57,246 tanks 1888 140329039451904] Initialization coffee beans tank
[INFO 2018-09-25 02:55:57,247 tank 1888 140329039451904] Coffee beans tank is refill
[INFO 2018-09-25 02:55:57,247 tanks 1888 140329039451904] Initialization coffee beans tank
[INFO 2018-09-25 02:55:57,248 tank 1888 140329039451904] Water tank is empty
[INFO 2018-09-25 02:55:57,249 tank 1888 140329039451904] Coffee beans tank is empty
[INFO 2018-09-25 02:55:57,250 tank 1888 140329039451904] Coffee beans tank is refill
[INFO 2018-09-25 02:55:57,251 tank 1888 140329039451904] Water tank is refill
[INFO 2018-09-25 02:55:57,252 coffee_machine 1888 140329039451904] CAPPUCCINO is ready
[INFO 2018-09-25 02:55:57,253 coffee_machine 1888 140329039451904] Starting making ESPRESSO
[INFO 2018-09-25 02:55:57,254 coffee_machine 1888 140329039451904] ESPRESSO is ready
[INFO 2018-09-25 02:55:57,255 coffee_machine 1888 140329039451904] Starting making DOPPIO
[INFO 2018-09-25 03:13:23,309 tank 2736 140303907989248] Water tank is refill
[INFO 2018-09-25 03:13:23,328 tanks 2736 140303907989248] Initialization coffee beans tank
[INFO 2018-09-25 03:13:23,328 tank 2736 140303907989248] Coffee beans tank is refill
[INFO 2018-09-25 03:13:23,328 tanks 2736 140303907989248] Initialization coffee beans tank
[INFO 2018-09-25 03:13:28,395 coffee_machine 2736 140303907989248] Starting making DOPPIO
[INFO 2018-09-25 03:13:28,395 coffee_machine 2736 140303907989248] DOPPIO is ready
[INFO 2018-09-25 03:13:38,537 coffee_machine 2736 140303907989248] Starting making DOPPIO
[INFO 2018-09-25 03:13:38,537 coffee_machine 2736 140303907989248] DOPPIO is ready
[INFO 2018-09-25 03:13:45,859 coffee_machine 2736 140303907989248] Starting making CAPPUCCINO
[INFO 2018-09-25 03:13:45,860 coffee_machine 2736 140303907989248] CAPPUCCINO is ready
[INFO 2018-09-25 03:13:51,302 coffee_machine 2736 140303907989248] Starting making AMERICANO
[INFO 2018-09-25 03:13:51,303 coffee_machine 2736 140303907989248] AMERICANO is ready
[INFO 2018-09-25 03:14:02,346 coffee_machine 2736 140303907989248] Starting making ESPRESSO
[INFO 2018-09-25 03:14:02,347 coffee_machine 2736 140303907989248] ESPRESSO is ready
[INFO 2018-09-25 03:14:08,142 coffee_machine 2736 140303907989248] Starting making AMERICANO
[INFO 2018-09-25 03:14:08,142 coffee_machine 2736 140303907989248] AMERICANO is ready
[INFO 2018-09-25 03:14:11,975 coffee_machine 2736 140303907989248] Starting making AMERICANO
[INFO 2018-09-25 03:14:11,976 coffee_machine 2736 140303907989248] AMERICANO is ready
[INFO 2018-09-25 03:14:15,676 coffee_machine 2736 140303907989248] Starting making AMERICANO
[INFO 2018-09-25 03:14:15,677 coffee_machine 2736 140303907989248] AMERICANO is ready
[INFO 2018-09-25 03:14:29,508 coffee_machine 2736 140303907989248] Starting making AMERICANO
[INFO 2018-09-25 03:14:29,509 coffee_machine 2736 140303907989248] AMERICANO is ready
[INFO 2018-09-25 03:14:35,122 coffee_machine 2736 140303907989248] Starting making AMERICANO
[INFO 2018-09-25 03:14:35,123 coffee_machine 2736 140303907989248] AMERICANO is ready
[INFO 2018-09-25 03:14:42,644 coffee_machine 2736 140303907989248] Starting making AMERICANO
[INFO 2018-09-25 03:14:42,644 coffee_machine 2736 140303907989248] AMERICANO is ready
[INFO 2018-09-25 03:14:47,787 coffee_machine 2736 140303907989248] Starting making AMERICANO
[INFO 2018-09-25 03:14:47,787 tank 2736 140303907989248] Water tank is empty
[INFO 2018-09-25 03:14:47,788 coffee_machine 2736 140303907989248] AMERICANO is ready
[INFO 2018-09-25 03:15:05,738 tank 2736 140303907989248] Water tank is refill
[INFO 2018-09-25 03:15:15,029 coffee_machine 2736 140303907989248] Starting making ESPRESSO
[INFO 2018-09-25 03:15:15,029 coffee_machine 2736 140303907989248] ESPRESSO is ready
[INFO 2018-09-25 03:15:19,533 coffee_machine 2736 140303907989248] Starting making ESPRESSO
[INFO 2018-09-25 03:15:19,534 coffee_machine 2736 140303907989248] ESPRESSO is ready
[INFO 2018-09-25 03:15:23,818 coffee_machine 2736 140303907989248] Starting making AMERICANO
[INFO 2018-09-25 03:15:23,819 coffee_machine 2736 140303907989248] AMERICANO is ready
[INFO 2018-09-25 03:15:31,488 coffee_machine 2736 140303907989248] Starting making CAPPUCCINO
[INFO 2018-09-25 03:15:31,489 coffee_machine 2736 140303907989248] CAPPUCCINO is ready
[INFO 2018-09-25 03:15:34,627 coffee_machine 2736 140303907989248] Starting making DOPPIO
[INFO 2018-09-25 03:15:34,628 coffee_machine 2736 140303907989248] DOPPIO is ready
[INFO 2018-09-25 03:15:39,355 coffee_machine 2736 140303907989248] Starting making DOPPIO
[INFO 2018-09-25 03:15:39,356 coffee_machine 2736 140303907989248] DOPPIO is ready
[INFO 2018-09-25 03:15:45,176 coffee_machine 2736 140303907989248] Starting making DOPPIO
[INFO 2018-09-25 03:15:45,176 coffee_machine 2736 140303907989248] DOPPIO is ready
[INFO 2018-09-25 03:15:56,677 coffee_machine 2736 140303907989248] Starting making ESPRESSO
[INFO 2018-09-25 03:15:56,678 coffee_machine 2736 140303907989248] ESPRESSO is ready
[INFO 2018-09-25 03:16:02,258 coffee_machine 2736 140303907989248] Starting making ESPRESSO
[INFO 2018-09-25 03:16:02,259 coffee_machine 2736 140303907989248] ESPRESSO is ready
[INFO 2018-09-25 03:16:05,328 coffee_machine 2736 140303907989248] Starting making AMERICANO
[INFO 2018-09-25 03:16:05,329 coffee_machine 2736 140303907989248] AMERICANO is ready
[INFO 2018-09-25 03:16:08,972 coffee_machine 2736 140303907989248] Starting making AMERICANO
[INFO 2018-09-25 03:16:08,973 coffee_machine 2736 140303907989248] AMERICANO is ready
[INFO 2018-09-25 03:16:19,706 coffee_machine 2736 140303907989248] Starting making CAPPUCCINO
[INFO 2018-09-25 03:16:19,707 coffee_machine 2736 140303907989248] CAPPUCCINO is ready
[INFO 2018-09-25 03:16:23,752 coffee_machine 2736 140303907989248] Starting making AMERICANO
[INFO 2018-09-25 03:16:23,752 coffee_machine 2736 140303907989248] AMERICANO is ready
[INFO 2018-09-25 03:16:31,908 coffee_machine 2736 140303907989248] Starting making DOPPIO
[INFO 2018-09-25 03:16:31,909 coffee_machine 2736 140303907989248] DOPPIO is ready
[INFO 2018-09-25 03:16:38,042 coffee_machine 2736 140303907989248] Starting making DOPPIO
[INFO 2018-09-25 03:16:38,042 tank 2736 140303907989248] Coffee beans tank is empty
[INFO 2018-09-25 03:16:38,043 coffee_machine 2736 140303907989248] DOPPIO is ready
[INFO 2018-09-25 03:16:50,830 tank 2736 140303907989248] Coffee beans tank is refill
[INFO 2018-09-25 03:17:21,787 tank 2794 139735961503488] Water tank is refill
[INFO 2018-09-25 03:17:21,787 tanks 2794 139735961503488] Initialization coffee beans tank
[INFO 2018-09-25 03:17:21,788 tank 2794 139735961503488] Coffee beans tank is refill
[INFO 2018-09-25 03:17:21,788 tanks 2794 139735961503488] Initialization coffee beans tank
[INFO 2018-09-25 03:17:21,789 tank 2794 139735961503488] Water tank is empty
[INFO 2018-09-25 03:17:21,789 tank 2794 139735961503488] Coffee beans tank is empty
[INFO 2018-09-25 03:17:21,791 tank 2794 139735961503488] Coffee beans tank is refill
[INFO 2018-09-25 03:17:21,791 tank 2794 139735961503488] Water tank is refill
[INFO 2018-09-25 03:17:21,792 coffee_machine 2794 139735961503488] DOPPIO is ready
[INFO 2018-09-25 03:17:21,792 tank 2794 139735961503488] Water tank is refill
[INFO 2018-09-25 03:17:21,793 tanks 2794 139735961503488] Initialization coffee beans tank
[INFO 2018-09-25 03:17:21,793 tank 2794 139735961503488] Coffee beans tank is refill
[INFO 2018-09-25 03:17:21,793 tanks 2794 139735961503488] Initialization coffee beans tank
[INFO 2018-09-25 03:17:21,795 coffee_machine 2794 139735961503488] Starting making CAPPUCCINO
[INFO 2018-09-25 03:17:21,796 coffee_machine 2794 139735961503488] CAPPUCCINO is ready
[INFO 2018-09-25 03:17:21,797 coffee_machine 2794 139735961503488] Starting making AMERICANO
[INFO 2018-09-25 03:17:31,507 tank 2804 140539573118720] Water tank is refill
[INFO 2018-09-25 03:17:31,508 tanks 2804 140539573118720] Initialization coffee beans tank
[INFO 2018-09-25 03:17:31,508 tank 2804 140539573118720] Coffee beans tank is refill
[INFO 2018-09-25 03:17:31,508 tanks 2804 140539573118720] Initialization coffee beans tank
